<?xml version="1.0" encoding="UTF-8"?>
<!-- Generated by org.testng.reporters.JUnitXMLReporter -->
<testsuite ignored="0" hostname="Ankits-MacBook-Air.local" failures="0" tests="6" name="Test" time="13.776" errors="0" timestamp="28 Nov 2021 11:25:31 GMT">
  <testcase classname="org.testing.TestScripts.TC1_PostRequest" name="firstTC" time="12.392"/>
  <testcase classname="org.testing.TestScripts.TC2_GetRequest" name="SecondTC" time="0.349"/>
  <testcase classname="org.testing.TestScripts.TC3_GetsALL" name="ThirdTC" time="0.34"/>
  <testcase classname="org.testing.TestScripts.TC4_GetAll_FetchID" name="FourthTC" time="0.247"/>
  <testcase classname="org.testing.TestScripts.TC5_PutRequest" name="FifthTC" time="0.2"/>
  <testcase classname="org.testing.TestScripts.TC6_DeleteRequest" name="SixthTC" time="0.06"/>
</testsuite> <!-- Test -->
