<?xml version="1.0" encoding="UTF-8"?>
<!-- Generated by org.testng.reporters.JUnitXMLReporter -->
<testsuite ignored="0" hostname="Ankits-MacBook-Air.local" failures="0" tests="6" name="Test" time="16.676" errors="0" timestamp="28 Nov 2021 11:38:25 GMT">
  <testcase classname="org.testing.TestScripts.TC1_PostRequest" name="firstTC" time="15.653"/>
  <testcase classname="org.testing.TestScripts.TC2_GetRequest" name="SecondTC" time="0.311"/>
  <testcase classname="org.testing.TestScripts.TC3_GetsALL" name="ThirdTC" time="0.07"/>
  <testcase classname="org.testing.TestScripts.TC4_GetAll_FetchID" name="FourthTC" time="0.167"/>
  <testcase classname="org.testing.TestScripts.TC5_PutRequest" name="FifthTC" time="0.168"/>
  <testcase classname="org.testing.TestScripts.TC6_DeleteRequest" name="SixthTC" time="0.096"/>
</testsuite> <!-- Test -->
