<?xml version="1.0" encoding="UTF-8"?>
<testsuite xmlns:xsi="http://www.w3.org/2001/XMLSchema-instance" xsi:noNamespaceSchemaLocation="https://maven.apache.org/surefire/maven-surefire-plugin/xsd/surefire-test-report-3.0.xsd" version="3.0" name="TestSuite" time="23.139" tests="6" errors="0" skipped="0" failures="0">
  <properties>
[...]
</properties>
  <testcase name="firstTC" classname="org.testing.TestScripts.TC1_PostRequest" time="15.647"/>
  <testcase name="SecondTC" classname="org.testing.TestScripts.TC2_GetRequest" time="0.312"/>
  <testcase name="ThirdTC" classname="org.testing.TestScripts.TC3_GetsALL" time="0.074"/>
  <testcase name="FourthTC" classname="org.testing.TestScripts.TC4_GetAll_FetchID" time="0.267"/>
  <testcase name="FifthTC" classname="org.testing.TestScripts.TC5_PutRequest" time="0.085"/>
  <testcase name="SixthTC" classname="org.testing.TestScripts.TC6_DeleteRequest" time="0.099"/>
</testsuite>